<?xml version="1.0" encoding="UTF-8"?>
<!-- Generated by org.testng.reporters.JUnitXMLReporter -->
<testsuite ignored="0" hostname="DESKTOP-P0L6N4R" failures="0" tests="6" name="Test" time="0.157" errors="0" timestamp="2022-01-09T15:28:45 IST">
  <testcase classname="TestNG.Test2" name="pr" time="0.024"/>
  <testcase classname="TestNG.Test2" name="pr1" time="0.004"/>
  <testcase classname="TestNG.Test2" name="pr1" time="0.011"/>
  <testcase classname="TestNG.Test2" name="pr2" time="0.001"/>
  <testcase classname="TestNG.Test2" name="pr2" time="0.004"/>
  <testcase classname="TestNG.Test1" name="demo" time="0.006"/>
</testsuite> <!-- Test -->
