<?xml version="1.0" encoding="UTF-8"?>
<testng-results ignored="0" total="6" passed="6" failed="0" skipped="0">
  <reporter-output>
    <line>
      <![CDATA[hello]]>
    </line>
    <line>
      <![CDATA[hello]]>
    </line>
    <line>
      <![CDATA[hello]]>
    </line>
    <line>
      <![CDATA[hello]]>
    </line>
    <line>
      <![CDATA[hello]]>
    </line>
    <line>
      <![CDATA[hi]]>
    </line>
  </reporter-output>
  <suite started-at="2022-01-09T15:28:44 IST" name="Suite" finished-at="2022-01-09T15:28:44 IST" duration-ms="157">
    <groups>
    </groups>
    <test started-at="2022-01-09T15:28:44 IST" name="Test" finished-at="2022-01-09T15:28:44 IST" duration-ms="157">
      <class name="TestNG.Test2">
        <test-method signature="pr()[pri:-1, instance:TestNG.Test2@524d6d96]" started-at="2022-01-09T15:28:44 IST" name="pr" finished-at="2022-01-09T15:28:44 IST" duration-ms="24" status="PASS">
          <reporter-output>
            <line>
              <![CDATA[hello]]>
            </line>
          </reporter-output>
        </test-method> <!-- pr -->
        <test-method signature="pr1()[pri:0, instance:TestNG.Test2@524d6d96]" started-at="2022-01-09T15:28:44 IST" name="pr1" finished-at="2022-01-09T15:28:44 IST" duration-ms="4" status="PASS">
          <reporter-output>
            <line>
              <![CDATA[hello]]>
            </line>
          </reporter-output>
        </test-method> <!-- pr1 -->
        <test-method signature="pr1()[pri:0, instance:TestNG.Test2@524d6d96]" started-at="2022-01-09T15:28:44 IST" name="pr1" finished-at="2022-01-09T15:28:44 IST" duration-ms="11" status="PASS">
          <reporter-output>
            <line>
              <![CDATA[hello]]>
            </line>
          </reporter-output>
        </test-method> <!-- pr1 -->
        <test-method signature="pr2()[pri:0, instance:TestNG.Test2@524d6d96]" started-at="2022-01-09T15:28:44 IST" name="pr2" finished-at="2022-01-09T15:28:44 IST" duration-ms="1" status="PASS">
          <reporter-output>
            <line>
              <![CDATA[hello]]>
            </line>
          </reporter-output>
        </test-method> <!-- pr2 -->
        <test-method signature="pr2()[pri:0, instance:TestNG.Test2@524d6d96]" started-at="2022-01-09T15:28:44 IST" name="pr2" finished-at="2022-01-09T15:28:44 IST" duration-ms="4" status="PASS">
          <reporter-output>
            <line>
              <![CDATA[hello]]>
            </line>
          </reporter-output>
        </test-method> <!-- pr2 -->
      </class> <!-- TestNG.Test2 -->
      <class name="TestNG.Test1">
        <test-method signature="demo()[pri:0, instance:TestNG.Test1@770d3326]" started-at="2022-01-09T15:28:44 IST" name="demo" finished-at="2022-01-09T15:28:44 IST" duration-ms="6" status="PASS">
          <reporter-output>
            <line>
              <![CDATA[hi]]>
            </line>
          </reporter-output>
        </test-method> <!-- demo -->
      </class> <!-- TestNG.Test1 -->
    </test> <!-- Test -->
  </suite> <!-- Suite -->
</testng-results>
