<?xml version="1.0" encoding="UTF-8"?>
<!-- Generated by org.testng.reporters.JUnitXMLReporter -->
<testsuite ignored="0" hostname="DESKTOP-P0L6N4R" failures="0" tests="6" name="Default test" time="0.155" errors="0" timestamp="2022-01-09T15:20:11 IST">
  <testcase classname="TestNG.Test1" name="pr" time="0.018"/>
  <testcase classname="TestNG.Test1" name="demo" time="0.003"/>
  <testcase classname="TestNG.Test1" name="pr1" time="0.006"/>
  <testcase classname="TestNG.Test1" name="pr1" time="0.002"/>
  <testcase classname="TestNG.Test1" name="pr2" time="0.002"/>
  <testcase classname="TestNG.Test1" name="pr2" time="0.009"/>
</testsuite> <!-- Default test -->
